<?xml version="1.0" encoding="UTF-8"?>
<testsuite name="StringUtilsTest" tests="4" skipped="0" failures="0" errors="0" timestamp="2020-06-03T12:54:57" hostname="antoshka-Lenovo-ideapad-700-15ISK" time="0.004">
  <properties/>
  <testcase name="test[0]" classname="StringUtilsTest" time="0.003"/>
  <testcase name="test[1]" classname="StringUtilsTest" time="0.0"/>
  <testcase name="test[2]" classname="StringUtilsTest" time="0.0"/>
  <testcase name="test[3]" classname="StringUtilsTest" time="0.0"/>
  <system-out><![CDATA[]]></system-out>
  <system-err><![CDATA[]]></system-err>
</testsuite>
